<?xml version="1.0" encoding="UTF-8"?>
<!-- Generated by org.testng.reporters.JUnitXMLReporter -->
<testsuite ignored="0" hostname="IB-Pune-LAP-358" failures="1" tests="2" name="Test" time="7.055" errors="0" timestamp="2022-09-28T17:13:52 IST">
  <testcase classname="Myapplication.EcommercewithPlaywright.Firsttest" name="checkurl" time="0.021">
    <failure type="java.lang.AssertionError" message="expected [https://www.amazon.com] but found [https://www.amazon.com/]">
      <![CDATA[java.lang.AssertionError: expected [https://www.amazon.com] but found [https://www.amazon.com/]
at Myapplication.EcommercewithPlaywright.Firsttest.checkurl(Firsttest.java:57)
at java.base/java.util.ArrayList.forEach(ArrayList.java:1511)
... Removed 33 stack frames]]>
    </failure>
  </testcase> <!-- checkurl -->
  <testcase classname="Myapplication.EcommercewithPlaywright.Firsttest" name="titlecheck" time="0.139"/>
</testsuite> <!-- Test -->
