<?xml version="1.0" encoding="UTF-8"?>
<testng-results ignored="0" total="2" passed="2" failed="0" skipped="0">
  <reporter-output>
  </reporter-output>
  <suite started-at="2022-09-28T15:30:26 IST" name="Default suite" finished-at="2022-09-28T15:30:33 IST" duration-ms="7479">
    <groups>
    </groups>
    <test started-at="2022-09-28T15:30:26 IST" name="Default test" finished-at="2022-09-28T15:30:33 IST" duration-ms="7479">
      <class name="Myapplication.EcommercewithPlaywright.Firsttest">
        <test-method is-config="true" signature="setup()[pri:0, instance:Myapplication.EcommercewithPlaywright.Firsttest@4229bb3f]" started-at="2022-09-28T15:30:26 IST" name="setup" finished-at="2022-09-28T15:30:33 IST" duration-ms="7201" status="PASS">
          <reporter-output>
          </reporter-output>
        </test-method> <!-- setup -->
        <test-method signature="checkurl()[pri:0, instance:Myapplication.EcommercewithPlaywright.Firsttest@4229bb3f]" started-at="2022-09-28T15:30:33 IST" name="checkurl" finished-at="2022-09-28T15:30:33 IST" duration-ms="8" status="PASS">
          <reporter-output>
          </reporter-output>
        </test-method> <!-- checkurl -->
        <test-method signature="titlecheck()[pri:0, instance:Myapplication.EcommercewithPlaywright.Firsttest@4229bb3f]" started-at="2022-09-28T15:30:33 IST" name="titlecheck" finished-at="2022-09-28T15:30:33 IST" duration-ms="146" status="PASS">
          <reporter-output>
          </reporter-output>
        </test-method> <!-- titlecheck -->
        <test-method is-config="true" signature="end()[pri:0, instance:Myapplication.EcommercewithPlaywright.Firsttest@4229bb3f]" started-at="2022-09-28T15:30:33 IST" name="end" finished-at="2022-09-28T15:30:33 IST" duration-ms="44" status="PASS">
          <reporter-output>
          </reporter-output>
        </test-method> <!-- end -->
      </class> <!-- Myapplication.EcommercewithPlaywright.Firsttest -->
    </test> <!-- Default test -->
  </suite> <!-- Default suite -->
</testng-results>
